<?xml version="1.0" encoding="UTF-8"?>
<testng-results ignored="0" total="2" passed="2" failed="0" skipped="0">
  <reporter-output>
  </reporter-output>
  <suite started-at="2021-07-23T16:11:09 IST" name="Default suite" finished-at="2021-07-23T16:11:40 IST" duration-ms="31049">
    <groups>
    </groups>
    <test started-at="2021-07-23T16:11:09 IST" name="Default test" finished-at="2021-07-23T16:11:40 IST" duration-ms="31049">
      <class name="Testinganno.demo2">
        <test-method is-config="true" signature="launchBrowser()[pri:0, instance:Testinganno.demo2@be35cd9]" started-at="2021-07-23T16:11:09 IST" name="launchBrowser" finished-at="2021-07-23T16:11:18 IST" duration-ms="8816" status="PASS">
          <reporter-output>
          </reporter-output>
        </test-method> <!-- launchBrowser -->
        <test-method signature="verifyFacebookTitle()[pri:0, instance:Testinganno.demo2@be35cd9]" started-at="2021-07-23T16:11:18 IST" name="verifyFacebookTitle" finished-at="2021-07-23T16:11:25 IST" duration-ms="7297" status="PASS">
          <reporter-output>
          </reporter-output>
        </test-method> <!-- verifyFacebookTitle -->
        <test-method is-config="true" signature="closeBrowser()[pri:0, instance:Testinganno.demo2@be35cd9]" started-at="2021-07-23T16:11:26 IST" name="closeBrowser" finished-at="2021-07-23T16:11:27 IST" duration-ms="1250" status="PASS">
          <reporter-output>
          </reporter-output>
        </test-method> <!-- closeBrowser -->
        <test-method is-config="true" signature="launchBrowser()[pri:0, instance:Testinganno.demo2@be35cd9]" started-at="2021-07-23T16:11:27 IST" name="launchBrowser" finished-at="2021-07-23T16:11:33 IST" duration-ms="6615" status="PASS">
          <reporter-output>
          </reporter-output>
        </test-method> <!-- launchBrowser -->
        <test-method signature="verifyGmailTitle()[pri:0, instance:Testinganno.demo2@be35cd9]" started-at="2021-07-23T16:11:33 IST" name="verifyGmailTitle" finished-at="2021-07-23T16:11:39 IST" duration-ms="5931" status="PASS">
          <reporter-output>
          </reporter-output>
        </test-method> <!-- verifyGmailTitle -->
        <test-method is-config="true" signature="closeBrowser()[pri:0, instance:Testinganno.demo2@be35cd9]" started-at="2021-07-23T16:11:39 IST" name="closeBrowser" finished-at="2021-07-23T16:11:40 IST" duration-ms="829" status="PASS">
          <reporter-output>
          </reporter-output>
        </test-method> <!-- closeBrowser -->
      </class> <!-- Testinganno.demo2 -->
    </test> <!-- Default test -->
  </suite> <!-- Default suite -->
</testng-results>
